#
# A fatal error has been detected by the Java Runtime Environment:
#
#  EXCEPTION_ACCESS_VIOLATION (0xc0000005) at pc=0x00000000652572f5, pid=7828, tid=5664
#
# JRE version: Java(TM) SE Runtime Environment (8.0_05-b13) (build 1.8.0_05-b13)
# Java VM: Java HotSpot(TM) 64-Bit Server VM (25.5-b02 mixed mode windows-amd64 compressed oops)
# Problematic frame:
# V  [jvm.dll+0x1172f5]
#
# Failed to write core dump. Minidumps are not enabled by default on client versions of Windows
#
# If you would like to submit a bug report, please visit:
#   http://bugreport.sun.com/bugreport/crash.jsp
#

---------------  T H R E A D  ---------------

Current thread (0x0000000055f7d000):  JavaThread "JDWP Transport Listener: dt_socket" daemon [_thread_in_vm, id=5664, stack(0x00000000580e0000,0x00000000581e0000)]

siginfo: ExceptionCode=0xc0000005, reading address 0xffffffffffffffff

Registers:
RAX=0x00000000581df701, RBX=0x0000000055f7d000, RCX=0x000c000000740001, RDX=0x0000000000000000
RSP=0x00000000581df7a0, RBP=0x000c000000740001, RSI=0x00000000581df8b8, RDI=0x0000000001eb9240
R8 =0x0000000055f7d000, R9 =0x00000e0b00f0000f, R10=0x0000000000000008, R11=0x00000000574edee5
R12=0x0000000000000000, R13=0x0000000055f7d9d8, R14=0x0000000000000000, R15=0x0000000000000000
RIP=0x00000000652572f5, EFLAGS=0x0000000000010202

Top of Stack: (sp=0x00000000581df7a0)
0x00000000581df7a0:   0000000055f7d000 0000000055f7d000
0x00000000581df7b0:   00000000581df868 000000006544a04b
0x00000000581df7c0:   0000000055f7d000 00000000654668ad
0x00000000581df7d0:   0000000000000008 000000006dab9149
0x00000000581df7e0:   0000000057464250 000000006dac2912
0x00000000581df7f0:   0000000055f7d000 0000000000000000
0x00000000581df800:   0000000000000000 0000000000000000
0x00000000581df810:   000c000000740001 000000006dac1a09
0x00000000581df820:   00000000581df8b8 00000000581df890
0x00000000581df830:   0000000000000001 0000000057464250
0x00000000581df840:   000c000000740001 000000006daa53b3
0x00000000581df850:   00000000581df980 0000000000000001
0x00000000581df860:   0000000000000001 0000000057464250
0x00000000581df870:   00000000f0001002 0000000000000000
0x00000000581df880:   0000000000000000 0000000000000000
0x00000000581df890:   0000000000000001 000000006daa5571 

Instructions: (pc=0x00000000652572f5)
0x00000000652572d5:   cc cc cc cc cc cc cc cc cc cc cc 48 83 ec 28 48
0x00000000652572e5:   85 c9 75 07 33 c0 48 83 c4 28 c3 48 89 5c 24 20
0x00000000652572f5:   48 8b 19 48 85 db 74 20 48 83 fb 37 74 1a 48 8b
0x0000000065257305:   13 48 8b cb ff 52 08 84 c0 74 0d 48 8b c3 48 8b 


Register to memory mapping:

RAX=0x00000000581df701 is pointing into the stack for thread: 0x0000000055f7d000
RBX=0x0000000055f7d000 is a thread
RCX=0x000c000000740001 is an unknown value
RDX=0x0000000000000000 is an unknown value
RSP=0x00000000581df7a0 is pointing into the stack for thread: 0x0000000055f7d000
RBP=0x000c000000740001 is an unknown value
RSI=0x00000000581df8b8 is pointing into the stack for thread: 0x0000000055f7d000
RDI=0x0000000001eb9240 is an unknown value
R8 =0x0000000055f7d000 is a thread
R9 =0x00000e0b00f0000f is an unknown value
R10=0x0000000000000008 is an unknown value
R11=0x00000000574edee5 is an unknown value
R12=0x0000000000000000 is an unknown value
R13=0x0000000055f7d9d8 is an unknown value
R14=0x0000000000000000 is an unknown value
R15=0x0000000000000000 is an unknown value


Stack: [0x00000000580e0000,0x00000000581e0000],  sp=0x00000000581df7a0,  free space=1021k
Native frames: (J=compiled Java code, j=interpreted, Vv=VM code, C=native code)
V  [jvm.dll+0x1172f5]
V  [jvm.dll+0x3268ad]
C  [jdwp.dll+0x21a09]
C  [jdwp.dll+0x53b3]
C  [jdwp.dll+0x5571]
C  [jdwp.dll+0xf09c]
C  [jdwp.dll+0x1f2c9]
C  [jdwp.dll+0x1f49e]
V  [jvm.dll+0x1a7128]
V  [jvm.dll+0x2232c4]
V  [jvm.dll+0x27baca]
C  [msvcr100.dll+0x21d9f]
C  [msvcr100.dll+0x21e3b]
C  [kernel32.dll+0x159ed]
C  [ntdll.dll+0x2c541]


---------------  P R O C E S S  ---------------

Java Threads: ( => current thread )
  0x000000005736f000 JavaThread "Service Thread" daemon [_thread_blocked, id=6488, stack(0x0000000058870000,0x0000000058970000)]
  0x0000000057353800 JavaThread "C1 CompilerThread2" daemon [_thread_blocked, id=7316, stack(0x00000000583b0000,0x00000000584b0000)]
  0x0000000057318800 JavaThread "C2 CompilerThread1" daemon [_thread_blocked, id=5300, stack(0x0000000058690000,0x0000000058790000)]
  0x00000000572ff000 JavaThread "C2 CompilerThread0" daemon [_thread_blocked, id=4248, stack(0x00000000584b0000,0x00000000585b0000)]
  0x00000000572f1000 JavaThread "JDWP Command Reader" daemon [_thread_in_native, id=1864, stack(0x0000000057e30000,0x0000000057f30000)]
  0x0000000055f7f000 JavaThread "JDWP Event Helper Thread" daemon [_thread_blocked, id=8304, stack(0x0000000058220000,0x0000000058320000)]
=>0x0000000055f7d000 JavaThread "JDWP Transport Listener: dt_socket" daemon [_thread_in_vm, id=5664, stack(0x00000000580e0000,0x00000000581e0000)]
  0x0000000055f77800 JavaThread "Attach Listener" daemon [_thread_blocked, id=9168, stack(0x0000000057900000,0x0000000057a00000)]
  0x0000000055f76800 JavaThread "Signal Dispatcher" daemon [_thread_blocked, id=2872, stack(0x0000000057700000,0x0000000057800000)]
  0x0000000055f14800 JavaThread "Finalizer" daemon [_thread_blocked, id=8464, stack(0x00000000571e0000,0x00000000572e0000)]
  0x0000000055f09800 JavaThread "Reference Handler" daemon [_thread_blocked, id=5848, stack(0x0000000056ec0000,0x0000000056fc0000)]
  0x0000000001ef8000 JavaThread "main" [_thread_blocked, id=7996, stack(0x0000000002070000,0x0000000002170000)]

Other Threads:
  0x0000000055f06000 VMThread [stack: 0x0000000056fe0000,0x00000000570e0000] [id=4776]
  0x0000000057379800 WatcherThread [stack: 0x00000000589b0000,0x0000000058ab0000] [id=8052]

VM state:not at safepoint (normal execution)

VM Mutex/Monitor currently owned by a thread: None

Heap:
 PSYoungGen      total 1536K, used 723K [0x00000000e0700000, 0x00000000e0b00000, 0x0000000100000000)
  eden space 1024K, 22% used [0x00000000e0700000,0x00000000e0738cf8,0x00000000e0800000)
  from space 512K, 96% used [0x00000000e0800000,0x00000000e087c040,0x00000000e0880000)
  to   space 1024K, 0% used [0x00000000e0a00000,0x00000000e0a00000,0x00000000e0b00000)
 ParOldGen       total 96768K, used 544K [0x00000000a1400000, 0x00000000a7280000, 0x00000000e0700000)
  object space 96768K, 0% used [0x00000000a1400000,0x00000000a1488020,0x00000000a7280000)
 Metaspace       used 6251K, capacity 6368K, committed 6528K, reserved 1056768K
  class space    used 757K, capacity 806K, committed 896K, reserved 1048576K

Card table byte_map: [0x00000000118b0000,0x0000000011bb0000] byte_map_base: 0x00000000113a6000

Marking Bits: (ParMarkBitMap*) 0x00000000658f13b0
 Begin Bits: [0x0000000012320000, 0x0000000013ad0000)
 End Bits:   [0x0000000013ad0000, 0x0000000015280000)

Polling page: 0x0000000000120000

CodeCache: size=245760Kb used=1440Kb max_used=1444Kb free=244319Kb
 bounds [0x00000000024f0000, 0x0000000002760000, 0x00000000114f0000]
 total_blobs=477 nmethods=209 adapters=190
 compilation: enabled

Compilation events (10 events):
Event: 43.786 Thread 0x0000000057353800 nmethod 221 0x00000000026553d0 code [0x0000000002655620, 0x00000000026562a8]
Event: 43.789 Thread 0x0000000057318800 nmethod 222% 0x0000000002659690 code [0x00000000026597e0, 0x00000000026599b8]
Event: 43.881 Thread 0x0000000057353800  223       3       java.util.Collections$UnmodifiableCollection$1::hasNext (10 bytes)
Event: 43.882 Thread 0x0000000057353800 nmethod 223 0x0000000002658a10 code [0x0000000002658b80, 0x0000000002658da8]
Event: 43.882 Thread 0x0000000057353800  224       3       jdk.internal.org.objectweb.asm.ByteVector::<init> (13 bytes)
Event: 43.882 Thread 0x0000000057353800 nmethod 224 0x0000000002658590 code [0x0000000002658700, 0x0000000002658950]
Event: 43.882 Thread 0x0000000057353800  225       3       jdk.internal.org.objectweb.asm.ByteVector::putByteArray (49 bytes)
Event: 43.882 Thread 0x0000000057353800 nmethod 225 0x0000000002658010 code [0x0000000002658180, 0x0000000002658498]
Event: 44.130 Thread 0x0000000057353800  226       3       java.lang.invoke.MemberName::isConstructor (7 bytes)
Event: 44.130 Thread 0x0000000057353800 nmethod 226 0x0000000002657b50 code [0x0000000002657cc0, 0x0000000002657f30]

GC Heap History (10 events):
Event: 0.845 GC heap before
{Heap before GC invocations=1 (full 0):
 PSYoungGen      total 1024K, used 511K [0x00000000e0700000, 0x00000000e0880000, 0x0000000100000000)
  eden space 512K, 99% used [0x00000000e0700000,0x00000000e077fff8,0x00000000e0780000)
  from space 512K, 0% used [0x00000000e0800000,0x00000000e0800000,0x00000000e0880000)
  to   space 512K, 0% used [0x00000000e0780000,0x00000000e0780000,0x00000000e0800000)
 ParOldGen       total 96768K, used 0K [0x00000000a1400000, 0x00000000a7280000, 0x00000000e0700000)
  object space 96768K, 0% used [0x00000000a1400000,0x00000000a1400000,0x00000000a7280000)
 Metaspace       used 2555K, capacity 4496K, committed 4864K, reserved 1056768K
  class space    used 272K, capacity 388K, committed 512K, reserved 1048576K
Event: 0.846 GC heap after
Heap after GC invocations=1 (full 0):
 PSYoungGen      total 1024K, used 416K [0x00000000e0700000, 0x00000000e0880000, 0x0000000100000000)
  eden space 512K, 0% used [0x00000000e0700000,0x00000000e0700000,0x00000000e0780000)
  from space 512K, 81% used [0x00000000e0780000,0x00000000e07e8020,0x00000000e0800000)
  to   space 512K, 0% used [0x00000000e0800000,0x00000000e0800000,0x00000000e0880000)
 ParOldGen       total 96768K, used 8K [0x00000000a1400000, 0x00000000a7280000, 0x00000000e0700000)
  object space 96768K, 0% used [0x00000000a1400000,0x00000000a1402000,0x00000000a7280000)
 Metaspace       used 2555K, capacity 4496K, committed 4864K, reserved 1056768K
  class space    used 272K, capacity 388K, committed 512K, reserved 1048576K
}
Event: 0.900 GC heap before
{Heap before GC invocations=2 (full 0):
 PSYoungGen      total 1024K, used 928K [0x00000000e0700000, 0x00000000e0880000, 0x0000000100000000)
  eden space 512K, 100% used [0x00000000e0700000,0x00000000e0780000,0x00000000e0780000)
  from space 512K, 81% used [0x00000000e0780000,0x00000000e07e8020,0x00000000e0800000)
  to   space 512K, 0% used [0x00000000e0800000,0x00000000e0800000,0x00000000e0880000)
 ParOldGen       total 96768K, used 8K [0x00000000a1400000, 0x00000000a7280000, 0x00000000e0700000)
  object space 96768K, 0% used [0x00000000a1400000,0x00000000a1402000,0x00000000a7280000)
 Metaspace       used 2936K, capacity 4540K, committed 4864K, reserved 1056768K
  class space    used 322K, capacity 410K, committed 512K, reserved 1048576K
Event: 0.901 GC heap after
Heap after GC invocations=2 (full 0):
 PSYoungGen      total 1024K, used 448K [0x00000000e0700000, 0x00000000e0900000, 0x0000000100000000)
  eden space 512K, 0% used [0x00000000e0700000,0x00000000e0700000,0x00000000e0780000)
  from space 512K, 87% used [0x00000000e0800000,0x00000000e0870000,0x00000000e0880000)
  to   space 512K, 0% used [0x00000000e0780000,0x00000000e0780000,0x00000000e0800000)
 ParOldGen       total 96768K, used 16K [0x00000000a1400000, 0x00000000a7280000, 0x00000000e0700000)
  object space 96768K, 0% used [0x00000000a1400000,0x00000000a1404000,0x00000000a7280000)
 Metaspace       used 2936K, capacity 4540K, committed 4864K, reserved 1056768K
  class space    used 322K, capacity 410K, committed 512K, reserved 1048576K
}
Event: 0.967 GC heap before
{Heap before GC invocations=3 (full 0):
 PSYoungGen      total 1024K, used 959K [0x00000000e0700000, 0x00000000e0900000, 0x0000000100000000)
  eden space 512K, 99% used [0x00000000e0700000,0x00000000e077ff10,0x00000000e0780000)
  from space 512K, 87% used [0x00000000e0800000,0x00000000e0870000,0x00000000e0880000)
  to   space 512K, 0% used [0x00000000e0780000,0x00000000e0780000,0x00000000e0800000)
 ParOldGen       total 96768K, used 16K [0x00000000a1400000, 0x00000000a7280000, 0x00000000e0700000)
  object space 96768K, 0% used [0x00000000a1400000,0x00000000a1404000,0x00000000a7280000)
 Metaspace       used 3467K, capacity 4638K, committed 4864K, reserved 1056768K
  class space    used 390K, capacity 424K, committed 512K, reserved 1048576K
Event: 0.981 GC heap after
Heap after GC invocations=3 (full 0):
 PSYoungGen      total 1024K, used 496K [0x00000000e0700000, 0x00000000e0900000, 0x0000000100000000)
  eden space 512K, 0% used [0x00000000e0700000,0x00000000e0700000,0x00000000e0780000)
  from space 512K, 96% used [0x00000000e0780000,0x00000000e07fc010,0x00000000e0800000)
  to   space 512K, 0% used [0x00000000e0880000,0x00000000e0880000,0x00000000e0900000)
 ParOldGen       total 96768K, used 160K [0x00000000a1400000, 0x00000000a7280000, 0x00000000e0700000)
  object space 96768K, 0% used [0x00000000a1400000,0x00000000a1428010,0x00000000a7280000)
 Metaspace       used 3467K, capacity 4638K, committed 4864K, reserved 1056768K
  class space    used 390K, capacity 424K, committed 512K, reserved 1048576K
}
Event: 1.380 GC heap before
{Heap before GC invocations=4 (full 0):
 PSYoungGen      total 1024K, used 1008K [0x00000000e0700000, 0x00000000e0900000, 0x0000000100000000)
  eden space 512K, 100% used [0x00000000e0700000,0x00000000e0780000,0x00000000e0780000)
  from space 512K, 96% used [0x00000000e0780000,0x00000000e07fc010,0x00000000e0800000)
  to   space 512K, 0% used [0x00000000e0880000,0x00000000e0880000,0x00000000e0900000)
 ParOldGen       total 96768K, used 160K [0x00000000a1400000, 0x00000000a7280000, 0x00000000e0700000)
  object space 96768K, 0% used [0x00000000a1400000,0x00000000a1428010,0x00000000a7280000)
 Metaspace       used 3755K, capacity 4724K, committed 4864K, reserved 1056768K
  class space    used 441K, capacity 480K, committed 512K, reserved 1048576K
Event: 1.392 GC heap after
Heap after GC invocations=4 (full 0):
 PSYoungGen      total 1536K, used 496K [0x00000000e0700000, 0x00000000e0900000, 0x0000000100000000)
  eden space 1024K, 0% used [0x00000000e0700000,0x00000000e0700000,0x00000000e0800000)
  from space 512K, 96% used [0x00000000e0880000,0x00000000e08fc010,0x00000000e0900000)
  to   space 512K, 0% used [0x00000000e0800000,0x00000000e0800000,0x00000000e0880000)
 ParOldGen       total 96768K, used 224K [0x00000000a1400000, 0x00000000a7280000, 0x00000000e0700000)
  object space 96768K, 0% used [0x00000000a1400000,0x00000000a1438010,0x00000000a7280000)
 Metaspace       used 3755K, capacity 4724K, committed 4864K, reserved 1056768K
  class space    used 441K, capacity 480K, committed 512K, reserved 1048576K
}
Event: 43.858 GC heap before
{Heap before GC invocations=5 (full 0):
 PSYoungGen      total 1536K, used 1507K [0x00000000e0700000, 0x00000000e0900000, 0x0000000100000000)
  eden space 1024K, 98% used [0x00000000e0700000,0x00000000e07fcd48,0x00000000e0800000)
  from space 512K, 96% used [0x00000000e0880000,0x00000000e08fc010,0x00000000e0900000)
  to   space 512K, 0% used [0x00000000e0800000,0x00000000e0800000,0x00000000e0880000)
 ParOldGen       total 96768K, used 224K [0x00000000a1400000, 0x00000000a7280000, 0x00000000e0700000)
  object space 96768K, 0% used [0x00000000a1400000,0x00000000a1438010,0x00000000a7280000)
 Metaspace       used 5741K, capacity 5914K, committed 6144K, reserved 1056768K
  class space    used 695K, capacity 741K, committed 768K, reserved 1048576K
Event: 43.871 GC heap after
Heap after GC invocations=5 (full 0):
 PSYoungGen      total 1536K, used 496K [0x00000000e0700000, 0x00000000e0b00000, 0x0000000100000000)
  eden space 1024K, 0% used [0x00000000e0700000,0x00000000e0700000,0x00000000e0800000)
  from space 512K, 96% used [0x00000000e0800000,0x00000000e087c040,0x00000000e0880000)
  to   space 1024K, 0% used [0x00000000e0a00000,0x00000000e0a00000,0x00000000e0b00000)
 ParOldGen       total 96768K, used 544K [0x00000000a1400000, 0x00000000a7280000, 0x00000000e0700000)
  object space 96768K, 0% used [0x00000000a1400000,0x00000000a1488020,0x00000000a7280000)
 Metaspace       used 5741K, capacity 5914K, committed 6144K, reserved 1056768K
  class space    used 695K, capacity 741K, committed 768K, reserved 1048576K
}

Deoptimization events (0 events):
No events

Internal exceptions (10 events):
Event: 1.471 Thread 0x0000000001ef8000 Exception <a 'java/security/PrivilegedActionException'> (0x00000000e0763cb0) thrown at [D:\re\workspace\8-2-build-windows-amd64-cygwin\jdk8u5\2488\hotspot\src\share\vm\prims\jvm.cpp, line 1248]
Event: 1.474 Thread 0x0000000001ef8000 Exception <a 'java/security/PrivilegedActionException'> (0x00000000e076a3b8) thrown at [D:\re\workspace\8-2-build-windows-amd64-cygwin\jdk8u5\2488\hotspot\src\share\vm\prims\jvm.cpp, line 1248]
Event: 1.475 Thread 0x0000000001ef8000 Exception <a 'java/security/PrivilegedActionException'> (0x00000000e076f820) thrown at [D:\re\workspace\8-2-build-windows-amd64-cygwin\jdk8u5\2488\hotspot\src\share\vm\prims\jvm.cpp, line 1248]
Event: 1.476 Thread 0x0000000001ef8000 Exception <a 'java/security/PrivilegedActionException'> (0x00000000e0775d90) thrown at [D:\re\workspace\8-2-build-windows-amd64-cygwin\jdk8u5\2488\hotspot\src\share\vm\prims\jvm.cpp, line 1248]
Event: 1.477 Thread 0x0000000001ef8000 Exception <a 'java/security/PrivilegedActionException'> (0x00000000e07774b0) thrown at [D:\re\workspace\8-2-build-windows-amd64-cygwin\jdk8u5\2488\hotspot\src\share\vm\prims\jvm.cpp, line 1248]
Event: 43.605 Thread 0x0000000001ef8000 Exception <a 'java/security/PrivilegedActionException'> (0x00000000e0785d88) thrown at [D:\re\workspace\8-2-build-windows-amd64-cygwin\jdk8u5\2488\hotspot\src\share\vm\prims\jvm.cpp, line 1248]
Event: 43.686 Thread 0x0000000001ef8000 Exception <a 'java/security/PrivilegedActionException'> (0x00000000e079d440) thrown at [D:\re\workspace\8-2-build-windows-amd64-cygwin\jdk8u5\2488\hotspot\src\share\vm\prims\jvm.cpp, line 1248]
Event: 43.686 Thread 0x0000000001ef8000 Exception <a 'java/security/PrivilegedActionException'> (0x00000000e079d5f8) thrown at [D:\re\workspace\8-2-build-windows-amd64-cygwin\jdk8u5\2488\hotspot\src\share\vm\prims\jvm.cpp, line 1248]
Event: 43.687 Thread 0x0000000001ef8000 Exception <a 'java/security/PrivilegedActionException'> (0x00000000e07a1530) thrown at [D:\re\workspace\8-2-build-windows-amd64-cygwin\jdk8u5\2488\hotspot\src\share\vm\prims\jvm.cpp, line 1248]
Event: 43.687 Thread 0x0000000001ef8000 Exception <a 'java/security/PrivilegedActionException'> (0x00000000e07a16e8) thrown at [D:\re\workspace\8-2-build-windows-amd64-cygwin\jdk8u5\2488\hotspot\src\share\vm\prims\jvm.cpp, line 1248]

Events (10 events):
Event: 289.311 Executing VM operation: GetOrSetLocal
Event: 289.311 Executing VM operation: GetOrSetLocal done
Event: 289.313 Executing VM operation: GetOrSetLocal
Event: 289.313 Executing VM operation: GetOrSetLocal done
Event: 289.314 Executing VM operation: GetOrSetLocal
Event: 289.314 Executing VM operation: GetOrSetLocal done
Event: 289.319 Executing VM operation: GetOrSetLocal
Event: 289.319 Executing VM operation: GetOrSetLocal done
Event: 352.464 Executing VM operation: RedefineClasses
Event: 352.466 Executing VM operation: RedefineClasses done


Dynamic libraries:
0x000000013fe10000 - 0x000000013fe44000 	C:\Program Files\Java\jdk1.8.0_05\bin\javaw.exe
0x0000000077780000 - 0x0000000077929000 	C:\windows\SYSTEM32\ntdll.dll
0x0000000077560000 - 0x000000007767f000 	C:\windows\system32\kernel32.dll
0x000007fefc7d0000 - 0x000007fefc83c000 	C:\windows\system32\KERNELBASE.dll
0x000007fefe060000 - 0x000007fefe13b000 	C:\windows\system32\ADVAPI32.dll
0x000007fefe830000 - 0x000007fefe8cf000 	C:\windows\system32\msvcrt.dll
0x000007fefe140000 - 0x000007fefe15f000 	C:\windows\SYSTEM32\sechost.dll
0x000007fefe630000 - 0x000007fefe75d000 	C:\windows\system32\RPCRT4.dll
0x0000000077680000 - 0x000000007777a000 	C:\windows\system32\USER32.dll
0x000007fefcc60000 - 0x000007fefccc7000 	C:\windows\system32\GDI32.dll
0x000007fefeca0000 - 0x000007fefecae000 	C:\windows\system32\LPK.dll
0x000007fefe760000 - 0x000007fefe829000 	C:\windows\system32\USP10.dll
0x000007fefc030000 - 0x000007fefc224000 	C:\windows\WinSxS\amd64_microsoft.windows.common-controls_6595b64144ccf1df_6.0.7601.17514_none_fa396087175ac9ac\COMCTL32.dll
0x000007fefdf40000 - 0x000007fefdfb1000 	C:\windows\system32\SHLWAPI.dll
0x000007fefcf80000 - 0x000007fefcfae000 	C:\windows\system32\IMM32.DLL
0x000007fefe160000 - 0x000007fefe269000 	C:\windows\system32\MSCTF.dll
0x000007fefc540000 - 0x000007fefc56f000 	C:\windows\system32\nvinitx.dll
0x000000006d920000 - 0x000000006d9f2000 	C:\Program Files\Java\jdk1.8.0_05\jre\bin\msvcr100.dll
0x0000000065140000 - 0x000000006596a000 	C:\Program Files\Java\jdk1.8.0_05\jre\bin\server\jvm.dll
0x000007fefb350000 - 0x000007fefb359000 	C:\windows\system32\WSOCK32.dll
0x000007fefe270000 - 0x000007fefe2bd000 	C:\windows\system32\WS2_32.dll
0x000007fefecb0000 - 0x000007fefecb8000 	C:\windows\system32\NSI.dll
0x000007fef9b10000 - 0x000007fef9b4b000 	C:\windows\system32\WINMM.dll
0x0000000077950000 - 0x0000000077957000 	C:\windows\system32\PSAPI.DLL
0x000000006dcc0000 - 0x000000006dccf000 	C:\Program Files\Java\jdk1.8.0_05\jre\bin\verify.dll
0x000000006dc30000 - 0x000000006dc58000 	C:\Program Files\Java\jdk1.8.0_05\jre\bin\java.dll
0x000000006daa0000 - 0x000000006dad5000 	C:\Program Files\Java\jdk1.8.0_05\jre\bin\jdwp.dll
0x000000006e3b0000 - 0x000000006e3b8000 	C:\Program Files\Java\jdk1.8.0_05\jre\bin\npt.dll
0x000000006da80000 - 0x000000006da96000 	C:\Program Files\Java\jdk1.8.0_05\jre\bin\zip.dll
0x000007fefcfb0000 - 0x000007fefdd38000 	C:\windows\system32\SHELL32.dll
0x000007fefcd70000 - 0x000007fefcf73000 	C:\windows\system32\ole32.dll
0x000007fefc610000 - 0x000007fefc61f000 	C:\windows\system32\profapi.dll
0x000000006dcb0000 - 0x000000006dcb9000 	C:\Program Files\Java\jdk1.8.0_05\jre\bin\dt_socket.dll
0x000007fef9b90000 - 0x000007fef9ba5000 	C:\windows\system32\NLAapi.dll
0x000007fef4600000 - 0x000007fef4615000 	C:\windows\system32\napinsp.dll
0x000007fef2740000 - 0x000007fef2759000 	C:\windows\system32\pnrpnsp.dll
0x000007fefba60000 - 0x000007fefbab5000 	C:\windows\System32\mswsock.dll
0x000007fefb8c0000 - 0x000007fefb91b000 	C:\windows\system32\DNSAPI.dll
0x000007fef2730000 - 0x000007fef273b000 	C:\windows\System32\winrnr.dll
0x000007fef7880000 - 0x000007fef78ae000 	C:\Program Files\Common Files\Microsoft Shared\Windows Live\WLIDNSP.DLL
0x000007fef2720000 - 0x000007fef2730000 	C:\windows\system32\wshbth.dll
0x000007fef9710000 - 0x000007fef9737000 	C:\windows\system32\IPHLPAPI.DLL
0x000007fef9700000 - 0x000007fef970b000 	C:\windows\system32\WINNSI.DLL
0x000007fef9320000 - 0x000007fef9373000 	C:\windows\System32\fwpuclnt.dll
0x000007fefbd00000 - 0x000007fefbd08000 	C:\windows\system32\rasadhlp.dll
0x000007fefaf70000 - 0x000007fefaf77000 	C:\windows\System32\wshtcpip.dll
0x000007fef5550000 - 0x000007fef5675000 	C:\windows\system32\dbghelp.dll

VM Arguments:
jvm_args: -agentlib:jdwp=transport=dt_socket,suspend=y,address=localhost:52569 -Dfile.encoding=Cp1252 
java_command: com.moobin.output.test.TestOutput
java_class_path (initial): D:\moobin\copy\core\project\output\bin;D:\moobin\copy\core\project\configuration\bin;D:\moobin\copy\core\project\core\bin;D:\luna-jee\plugins\org.junit_4.11.0.v201303080030\junit.jar;D:\luna-jee\plugins\org.hamcrest.core_1.3.0.v201303031735.jar;D:\moobin\copy\core\project\meta\bin
Launcher Type: SUN_STANDARD

Environment Variables:
PATH=C:\Program Files\Java\jdk1.8.0_05\jre\bin;C:\Program Files (x86)\NVIDIA Corporation\PhysX\Common;C:\Program Files\Common Files\Microsoft Shared\Windows Live;C:\Program Files (x86)\Common Files\Microsoft Shared\Windows Live;C:\windows\system32;C:\windows;C:\windows\System32\Wbem;C:\windows\System32\WindowsPowerShell\v1.0\;C:\Program Files (x86)\Windows Live\Shared;C:\Program Files (x86)\java\jre7\bin;C:\Program Files\Intel\WiFi\bin\;C:\Program Files\Common Files\Intel\WirelessCommon\;C:\Program Files\Intel\WiFi\bin\;C:\Program Files\Common Files\Intel\WirelessCommon\;C:\MINGW\msys\1.0\Bin\;C:\MINGW\bin\;.;;.;;.;
USERNAME=moobin
OS=Windows_NT
PROCESSOR_IDENTIFIER=Intel64 Family 6 Model 42 Stepping 7, GenuineIntel



---------------  S Y S T E M  ---------------

OS: Windows 7 , 64 bit Build 7601 Service Pack 1

CPU:total 4 (2 cores per cpu, 2 threads per core) family 6 model 42 stepping 7, cmov, cx8, fxsr, mmx, sse, sse2, sse3, ssse3, sse4.1, sse4.2, popcnt, avx, aes, clmul, ht, tsc, tscinvbit

Memory: 4k page, physical 6202928k(2422308k free), swap 12403992k(8189368k free)

vm_info: Java HotSpot(TM) 64-Bit Server VM (25.5-b02) for windows-amd64 JRE (1.8.0_05-b13), built on Mar 18 2014 01:08:39 by "java_re" with MS VC++ 10.0 (VS2010)

time: Tue Aug 05 20:02:50 2014
elapsed time: 353 seconds

